<?xml version="1.0" encoding="UTF-8"?>
<!-- Generated by org.testng.reporters.JUnitXMLReporter -->
<testsuite ignored="1" hostname="SBWL-ARAJGURU" failures="0" tests="1" name="Default test" time="4.991" errors="0" timestamp="2021-07-15T18:36:36 IST">
  <testcase classname="TestFramework.LoginTest" name="ClickOnResetPassword" time="1.707"/>
  <testcase classname="TestFramework.LoginTest" name="EnterLoginDetails" time="0.0">
    <ignored/>
  </testcase> <!-- EnterLoginDetails -->
</testsuite> <!-- Default test -->
