<?xml version="1.0" encoding="UTF-8"?>
<testng-results ignored="1" total="2" passed="1" failed="0" skipped="0">
  <reporter-output>
  </reporter-output>
  <suite started-at="2021-07-15T18:36:31 IST" name="Default suite" finished-at="2021-07-15T18:36:36 IST" duration-ms="4991">
    <groups>
    </groups>
    <test started-at="2021-07-15T18:36:31 IST" name="Default test" finished-at="2021-07-15T18:36:36 IST" duration-ms="4991">
      <class name="TestFramework.LoginTest">
        <test-method is-config="true" signature="initialize()[pri:0, instance:TestFramework.LoginTest@21a21c64]" started-at="2021-07-15T18:36:31 IST" name="initialize" finished-at="2021-07-15T18:36:34 IST" duration-ms="3194" status="PASS">
          <reporter-output>
          </reporter-output>
        </test-method> <!-- initialize -->
        <test-method signature="ClickOnResetPassword()[pri:0, instance:TestFramework.LoginTest@21a21c64]" started-at="2021-07-15T18:36:34 IST" name="ClickOnResetPassword" finished-at="2021-07-15T18:36:36 IST" duration-ms="1707" status="PASS">
          <reporter-output>
          </reporter-output>
        </test-method> <!-- ClickOnResetPassword -->
        <test-method is-config="true" signature="teardown()[pri:0, instance:TestFramework.LoginTest@21a21c64]" started-at="2021-07-15T18:36:36 IST" name="teardown" finished-at="2021-07-15T18:36:36 IST" duration-ms="57" status="PASS">
          <reporter-output>
          </reporter-output>
        </test-method> <!-- teardown -->
      </class> <!-- TestFramework.LoginTest -->
    </test> <!-- Default test -->
  </suite> <!-- Default suite -->
</testng-results>
